Using pre-set license

 COMMAND LINE ARGUMENTS:
/Applications/Unity/Hub/Editor/2020.3.12f1/Unity.app/Contents/MacOS/Unity
-adb2
-batchMode
-noUpm
-name
AssetImportWorker0
-projectPath
/Users/lalucas.ferreira/Public/Lucas/unity/Faker
-logFile
Logs/AssetImportWorker0.log
-srvPort
58767
Successfully changed project path to: /Users/lalucas.ferreira/Public/Lucas/unity/Faker
/Users/lalucas.ferreira/Public/Lucas/unity/Faker
Using Asset Import Pipeline V2.
Refreshing native plugins compatible for Editor in 28.78 ms, found 2 plugins.
Preloading 0 native plugins for Editor in 0.00 ms.
Initialize engine version: 2020.3.12f1 (b3b2c6512326)
[Subsystems] Discovering subsystems at path /Applications/Unity/Hub/Editor/2020.3.12f1/Unity.app/Contents/Resources/UnitySubsystems
[Subsystems] Discovering subsystems at path /Users/lalucas.ferreira/Public/Lucas/unity/Faker/Assets
GfxDevice: creating device client; threaded=0
2021-07-08 18:10:41.325 Unity[24403:971054] Color LCD preferred device: AMD Radeon Pro 5300M (high power)
2021-07-08 18:10:41.326 Unity[24403:971054] Metal devices available: 2
2021-07-08 18:10:41.326 Unity[24403:971054] 0: AMD Radeon Pro 5300M (high power)
2021-07-08 18:10:41.326 Unity[24403:971054] 1: Intel(R) UHD Graphics 630 (low power)
2021-07-08 18:10:41.326 Unity[24403:971054] Using device AMD Radeon Pro 5300M (high power)
Initializing Metal device caps: AMD Radeon Pro 5300M
Initialize mono
Mono path[0] = '/Applications/Unity/Hub/Editor/2020.3.12f1/Unity.app/Contents/Managed'
Mono path[1] = '/Applications/Unity/Hub/Editor/2020.3.12f1/Unity.app/Contents/MonoBleedingEdge/lib/mono/unityjit'
Mono config path = '/Applications/Unity/Hub/Editor/2020.3.12f1/Unity.app/Contents/MonoBleedingEdge/etc'
Using monoOptions --debugger-agent=transport=dt_socket,embedding=1,server=y,suspend=n,address=127.0.0.1:56403
Begin MonoManager ReloadAssembly
Registering precompiled unity dll's ...
Register platform support module: /Applications/Unity/Hub/Editor/2020.3.12f1/PlaybackEngines/WebGLSupport/UnityEditor.WebGL.Extensions.dll
Register platform support module: /Applications/Unity/Hub/Editor/2020.3.12f1/Unity.app/Contents/PlaybackEngines/MacStandaloneSupport/UnityEditor.OSXStandalone.Extensions.dll
Registered in 0.001504 seconds.
Native extension for OSXStandalone target not found
Native extension for WebGL target not found
Refreshing native plugins compatible for Editor in 24.97 ms, found 2 plugins.
Preloading 0 native plugins for Editor in 0.00 ms.
Mono: successfully reloaded assembly
- Completed reload, in  2.791 seconds
Platform modules already initialized, skipping
Registering precompiled user dll's ...
Registered in 0.003376 seconds.
Begin MonoManager ReloadAssembly
Native extension for OSXStandalone target not found
Native extension for WebGL target not found
Refreshing native plugins compatible for Editor in 0.28 ms, found 2 plugins.
Preloading 0 native plugins for Editor in 0.00 ms.
Mono: successfully reloaded assembly
- Completed reload, in  1.134 seconds
Platform modules already initialized, skipping
========================================================================
Worker process is ready to serve import requests
Launching external process: /Applications/Unity/Hub/Editor/2020.3.12f1/Unity.app/Contents/Tools/UnityShaderCompiler
Launched and connected shader compiler UnityShaderCompiler after 0.02 seconds
Refreshing native plugins compatible for Editor in 0.28 ms, found 2 plugins.
Preloading 0 native plugins for Editor in 0.00 ms.
Unloading 1552 Unused Serialized files (Serialized files now loaded: 0)
System memory in use before: 146.0 MB.
System memory in use after: 146.1 MB.

Unloading 19 unused Assets to reduce memory usage. Loaded Objects now: 1989.
Total: 1.682532 ms (FindLiveObjects: 0.143145 ms CreateObjectMapping: 0.038973 ms MarkObjects: 1.438873 ms  DeleteObjects: 0.060761 ms)

AssetImportParameters requested are different than current active one (requested -> active):
  custom:video-decoder-ogg-theora: a1e56fd34408186e4bbccfd4996cb3dc -> 
  custom:container-muxer-webm: aa71ff27fc2769a1b78a27578f13a17b -> 
  custom:container-demuxer-webm: 4f35f7cbe854078d1ac9338744f61a02 -> 
  custom:container-demuxer-ogg: 62fdf1f143b41e24485cea50d1cbac27 -> 
  custom:video-encoder-webm-vp8: eb34c28f22e8b96e1ab97ce403110664 -> 
  custom:framework-osx-AVFoundation: e770b220cccbd017edd2c1fefb359320 -> 
  custom:video-decoder-webm-vp8: 9c59270c3fd7afecdb556c50c9e8de78 -> 
  custom:audio-decoder-ogg-vorbis: bf7c407c2cedff20999df2af8eb42d56 -> 
  custom:audio-encoder-webm-vorbis: bf7c407c2cedff20999df2af8eb42d56 -> 
========================================================================
Received Import Request.
  path: Assets/Red cliff background/red cliff night ovject/red cliff night sky.png
  artifactKey: Guid(f5f13a8470bef8a49ab3e96b4c909b49) Importer(815301076,1909f56bfc062723c751e8b465ee728b)
Start importing Assets/Red cliff background/red cliff night ovject/red cliff night sky.png using Guid(f5f13a8470bef8a49ab3e96b4c909b49) Importer(815301076,1909f56bfc062723c751e8b465ee728b)  -> (artifact id: 'ee66ccadcdc79aaee0961aabc37af533') in 1.267952 seconds 
  Import took 1.270478 seconds .

========================================================================
Received Import Request.
  Time since last request: 0.000208 seconds.
  path: Assets/Red cliff background/red cliff night ovject/red cliff night 4.png
  artifactKey: Guid(959181d12de598f4db97f9947befc1d6) Importer(815301076,1909f56bfc062723c751e8b465ee728b)
Start importing Assets/Red cliff background/red cliff night ovject/red cliff night 4.png using Guid(959181d12de598f4db97f9947befc1d6) Importer(815301076,1909f56bfc062723c751e8b465ee728b)  -> (artifact id: '833df5a515891550717fc27fd1a1de05') in 0.027954 seconds 
  Import took 0.030442 seconds .

========================================================================
Received Import Request.
  Time since last request: 0.000200 seconds.
  path: Assets/Red cliff background/red cliff night ovject/red cliff night stars.png
  artifactKey: Guid(f39f06ebfebaf4f48b2c2847fa103841) Importer(815301076,1909f56bfc062723c751e8b465ee728b)
Start importing Assets/Red cliff background/red cliff night ovject/red cliff night stars.png using Guid(f39f06ebfebaf4f48b2c2847fa103841) Importer(815301076,1909f56bfc062723c751e8b465ee728b)  -> (artifact id: 'be5f42948a1e2cd0e75f0da8cbf941de') in 0.018785 seconds 
  Import took 0.021236 seconds .

========================================================================
Received Import Request.
  Time since last request: 0.000184 seconds.
  path: Assets/Red cliff background/red cliff night ovject/red cliff night 2.png
  artifactKey: Guid(8b4b0378ec11d5f47a8c96df19052703) Importer(815301076,1909f56bfc062723c751e8b465ee728b)
Start importing Assets/Red cliff background/red cliff night ovject/red cliff night 2.png using Guid(8b4b0378ec11d5f47a8c96df19052703) Importer(815301076,1909f56bfc062723c751e8b465ee728b)  -> (artifact id: 'be9f13c9e0fde7db9b3cb00264c70c25') in 0.014095 seconds 
  Import took 0.016742 seconds .

========================================================================
Received Import Request.
  Time since last request: 0.000254 seconds.
  path: Assets/Red cliff background/red cliff night ovject/red cliff night cloud.png
  artifactKey: Guid(b9e6ea4755d845540b8b4a9264f60eb5) Importer(815301076,1909f56bfc062723c751e8b465ee728b)
Start importing Assets/Red cliff background/red cliff night ovject/red cliff night cloud.png using Guid(b9e6ea4755d845540b8b4a9264f60eb5) Importer(815301076,1909f56bfc062723c751e8b465ee728b)  -> (artifact id: '29419969baf233c4f62a666407274426') in 0.015629 seconds 
  Import took 0.018627 seconds .

========================================================================
Received Import Request.
  Time since last request: 0.000210 seconds.
  path: Assets/Red cliff background/red cliff night ovject
  artifactKey: Guid(7e7863a7a5c7f2b43b8016b168c4afb0) Importer(815301076,1909f56bfc062723c751e8b465ee728b)
Start importing Assets/Red cliff background/red cliff night ovject using Guid(7e7863a7a5c7f2b43b8016b168c4afb0) Importer(815301076,1909f56bfc062723c751e8b465ee728b)  -> (artifact id: '05ebeea9e0de5625780ca595a627560b') in 0.002678 seconds 
  Import took 0.005174 seconds .

========================================================================
Received Import Request.
  Time since last request: 0.000170 seconds.
  path: Assets/Red cliff background/red cliff night ovject/red cliff night 3.png
  artifactKey: Guid(d08a4d95f82223c4e86d8e395c688d65) Importer(815301076,1909f56bfc062723c751e8b465ee728b)
Start importing Assets/Red cliff background/red cliff night ovject/red cliff night 3.png using Guid(d08a4d95f82223c4e86d8e395c688d65) Importer(815301076,1909f56bfc062723c751e8b465ee728b)  -> (artifact id: '78a2f9698cd712eeae0e3ea4e316653c') in 0.014173 seconds 
  Import took 0.017205 seconds .

========================================================================
Received Import Request.
  Time since last request: 0.000275 seconds.
  path: Assets/Red cliff background/red cliff night ovject/red cliff night moon.png
  artifactKey: Guid(0243cbd66caae04469d917601c0dbc7a) Importer(815301076,1909f56bfc062723c751e8b465ee728b)
Start importing Assets/Red cliff background/red cliff night ovject/red cliff night moon.png using Guid(0243cbd66caae04469d917601c0dbc7a) Importer(815301076,1909f56bfc062723c751e8b465ee728b)  -> (artifact id: '97eacdde75c0fbf2fbfd16bad5387d83') in 0.012476 seconds 
  Import took 0.015435 seconds .

========================================================================
Received Import Request.
  Time since last request: 0.000239 seconds.
  path: Assets/Red cliff background
  artifactKey: Guid(4811f8fbb810148d5aeb78dea9227e34) Importer(815301076,1909f56bfc062723c751e8b465ee728b)
Start importing Assets/Red cliff background using Guid(4811f8fbb810148d5aeb78dea9227e34) Importer(815301076,1909f56bfc062723c751e8b465ee728b)  -> (artifact id: '7ed66f19892d748b6d14bd2083c27522') in 0.002991 seconds 
  Import took 0.005805 seconds .

========================================================================
Received Import Request.
  Time since last request: 0.000205 seconds.
  path: Assets/Red cliff background/red cliff night ovject/red cliff night 1.png
  artifactKey: Guid(41748596a54c0354aaa1e4dae3f155ea) Importer(815301076,1909f56bfc062723c751e8b465ee728b)
Start importing Assets/Red cliff background/red cliff night ovject/red cliff night 1.png using Guid(41748596a54c0354aaa1e4dae3f155ea) Importer(815301076,1909f56bfc062723c751e8b465ee728b)  -> (artifact id: '08798bacd348ef9184896ddaa8863568') in 0.015115 seconds 
  Import took 0.017770 seconds .

========================================================================
Received Import Request.
  Time since last request: 9.596381 seconds.
  path: Assets/Red cliff background/red cliff ovject/red cliff 1.png
  artifactKey: Guid(0609a63159918f34da91aacf8dfd950c) Importer(815301076,1909f56bfc062723c751e8b465ee728b)
Start importing Assets/Red cliff background/red cliff ovject/red cliff 1.png using Guid(0609a63159918f34da91aacf8dfd950c) Importer(815301076,1909f56bfc062723c751e8b465ee728b)  -> (artifact id: '2db334161fe3538f9f0d39daabb2a188') in 0.016163 seconds 
  Import took 0.018719 seconds .

========================================================================
Received Import Request.
  Time since last request: 0.000176 seconds.
  path: Assets/Red cliff background/red cliff ovject/red cliff 2.png
  artifactKey: Guid(58b206e2b5ce41f4eb4f21a2cedfa40b) Importer(815301076,1909f56bfc062723c751e8b465ee728b)
Start importing Assets/Red cliff background/red cliff ovject/red cliff 2.png using Guid(58b206e2b5ce41f4eb4f21a2cedfa40b) Importer(815301076,1909f56bfc062723c751e8b465ee728b)  -> (artifact id: '1f598839334c738ae6c4bd51ffd2bfcc') in 0.016962 seconds 
  Import took 0.019259 seconds .

========================================================================
Received Import Request.
  Time since last request: 0.000182 seconds.
  path: Assets/Red cliff background/red cliff ovject/red cliff cloud.png
  artifactKey: Guid(5b60251150a0a4949bfdb73eb34aee82) Importer(815301076,1909f56bfc062723c751e8b465ee728b)
Start importing Assets/Red cliff background/red cliff ovject/red cliff cloud.png using Guid(5b60251150a0a4949bfdb73eb34aee82) Importer(815301076,1909f56bfc062723c751e8b465ee728b)  -> (artifact id: '4daa78a0b223d4685e07641d8358e677') in 0.017723 seconds 
  Import took 0.020023 seconds .

========================================================================
Received Import Request.
  Time since last request: 0.000164 seconds.
  path: Assets/Red cliff background/red cliff ovject/red cliff sun.png
  artifactKey: Guid(2a7c997726c8ff64f930b94b3779ff87) Importer(815301076,1909f56bfc062723c751e8b465ee728b)
Start importing Assets/Red cliff background/red cliff ovject/red cliff sun.png using Guid(2a7c997726c8ff64f930b94b3779ff87) Importer(815301076,1909f56bfc062723c751e8b465ee728b)  -> (artifact id: '2cf9ca9f004ad55e815eff0b05565837') in 0.016522 seconds 
  Import took 0.018778 seconds .

========================================================================
Received Import Request.
  Time since last request: 0.000173 seconds.
  path: Assets/Red cliff background/red cliff ovject/red cliff 3.png
  artifactKey: Guid(af9ba083502719f4ab81dd82c9c032d1) Importer(815301076,1909f56bfc062723c751e8b465ee728b)
Start importing Assets/Red cliff background/red cliff ovject/red cliff 3.png using Guid(af9ba083502719f4ab81dd82c9c032d1) Importer(815301076,1909f56bfc062723c751e8b465ee728b)  -> (artifact id: '6d3593f3a3d51fe8d445e4ec1e0a4053') in 0.016824 seconds 
  Import took 0.019318 seconds .

========================================================================
Received Import Request.
  Time since last request: 0.000180 seconds.
  path: Assets/Red cliff background/red cliff ovject/red cliff 4.png
  artifactKey: Guid(54504b3cb71735c418a5e1be0c8d35ef) Importer(815301076,1909f56bfc062723c751e8b465ee728b)
Start importing Assets/Red cliff background/red cliff ovject/red cliff 4.png using Guid(54504b3cb71735c418a5e1be0c8d35ef) Importer(815301076,1909f56bfc062723c751e8b465ee728b)  -> (artifact id: '2d1ff9f9b1daaa76990f3b77009021f4') in 0.012154 seconds 
  Import took 0.014504 seconds .

========================================================================
Received Import Request.
  Time since last request: 0.000175 seconds.
  path: Assets/Red cliff background/red cliff ovject/red cliff sky.png
  artifactKey: Guid(e7580c86540be6941a4a8bd42d3066e9) Importer(815301076,1909f56bfc062723c751e8b465ee728b)
Start importing Assets/Red cliff background/red cliff ovject/red cliff sky.png using Guid(e7580c86540be6941a4a8bd42d3066e9) Importer(815301076,1909f56bfc062723c751e8b465ee728b)  -> (artifact id: '4b4b7df802da1f8f83b38ff85d4882fa') in 0.013270 seconds 
  Import took 0.015575 seconds .

========================================================================
Received Import Request.
  Time since last request: 0.010784 seconds.
  path: Assets/Red cliff background/red cliff ovject/red cliff sky.png
  artifactKey: Guid(e7580c86540be6941a4a8bd42d3066e9) Importer(815301076,1909f56bfc062723c751e8b465ee728b)
Start importing Assets/Red cliff background/red cliff ovject/red cliff sky.png using Guid(e7580c86540be6941a4a8bd42d3066e9) Importer(815301076,1909f56bfc062723c751e8b465ee728b)  -> (artifact id: '4b4b7df802da1f8f83b38ff85d4882fa') in 0.013576 seconds 
  Import took 0.016148 seconds .

========================================================================
Received Import Request.
  Time since last request: 4.377615 seconds.
  path: Assets/Red cliff background/red cliff ovject
  artifactKey: Guid(44fac4cd620f54f49811a9545185b784) Importer(815301076,1909f56bfc062723c751e8b465ee728b)
Start importing Assets/Red cliff background/red cliff ovject using Guid(44fac4cd620f54f49811a9545185b784) Importer(815301076,1909f56bfc062723c751e8b465ee728b)  -> (artifact id: 'baed572bd7d785989552df7e1dd3d27b') in 0.003958 seconds 
  Import took 0.006637 seconds .

========================================================================
Received Prepare
Registering precompiled user dll's ...
Registered in 0.003572 seconds.
Begin MonoManager ReloadAssembly
Native extension for OSXStandalone target not found
Native extension for WebGL target not found
Refreshing native plugins compatible for Editor in 0.36 ms, found 2 plugins.
Preloading 0 native plugins for Editor in 0.00 ms.
Mono: successfully reloaded assembly
- Completed reload, in  1.074 seconds
Platform modules already initialized, skipping
Refreshing native plugins compatible for Editor in 0.29 ms, found 2 plugins.
Preloading 0 native plugins for Editor in 0.00 ms.
Unloading 1532 Unused Serialized files (Serialized files now loaded: 0)
System memory in use before: 152.5 MB.
System memory in use after: 152.6 MB.

Unloading 15 unused Assets to reduce memory usage. Loaded Objects now: 1998.
Total: 1.652648 ms (FindLiveObjects: 0.179137 ms CreateObjectMapping: 0.063549 ms MarkObjects: 1.367559 ms  DeleteObjects: 0.041553 ms)

AssetImportParameters requested are different than current active one (requested -> active):
  custom:video-decoder-ogg-theora: a1e56fd34408186e4bbccfd4996cb3dc -> 
  custom:container-muxer-webm: aa71ff27fc2769a1b78a27578f13a17b -> 
  custom:container-demuxer-webm: 4f35f7cbe854078d1ac9338744f61a02 -> 
  custom:container-demuxer-ogg: 62fdf1f143b41e24485cea50d1cbac27 -> 
  custom:video-encoder-webm-vp8: eb34c28f22e8b96e1ab97ce403110664 -> 
  custom:framework-osx-AVFoundation: e770b220cccbd017edd2c1fefb359320 -> 
  custom:video-decoder-webm-vp8: 9c59270c3fd7afecdb556c50c9e8de78 -> 
  custom:audio-decoder-ogg-vorbis: bf7c407c2cedff20999df2af8eb42d56 -> 
  custom:audio-encoder-webm-vorbis: bf7c407c2cedff20999df2af8eb42d56 -> 
========================================================================
Received Import Request.
  Time since last request: 699.206452 seconds.
  path: Assets/wallbg.png
  artifactKey: Guid(2554f1a6bd1b14ba18d6edd2fa842413) Importer(815301076,1909f56bfc062723c751e8b465ee728b)
Start importing Assets/wallbg.png using Guid(2554f1a6bd1b14ba18d6edd2fa842413) Importer(815301076,1909f56bfc062723c751e8b465ee728b)  -> (artifact id: '9eef5f4cbe329aa71678d60f0c3f273e') in 0.141050 seconds 
  Import took 0.144700 seconds .

========================================================================
Received Import Request.
  Time since last request: 67.723401 seconds.
  path: Assets/wallbg.png
  artifactKey: Guid(2554f1a6bd1b14ba18d6edd2fa842413) Importer(815301076,1909f56bfc062723c751e8b465ee728b)
Start importing Assets/wallbg.png using Guid(2554f1a6bd1b14ba18d6edd2fa842413) Importer(815301076,1909f56bfc062723c751e8b465ee728b)  -> (artifact id: '2c5c2c51e922d206dbdf770987b162e0') in 0.038823 seconds 
  Import took 0.041757 seconds .

========================================================================
Received Prepare
Registering precompiled user dll's ...
Registered in 0.057943 seconds.
Begin MonoManager ReloadAssembly
Native extension for OSXStandalone target not found
Native extension for WebGL target not found
Refreshing native plugins compatible for Editor in 0.37 ms, found 2 plugins.
Preloading 0 native plugins for Editor in 0.00 ms.
Mono: successfully reloaded assembly
- Completed reload, in  1.545 seconds
Platform modules already initialized, skipping
Refreshing native plugins compatible for Editor in 0.37 ms, found 2 plugins.
Preloading 0 native plugins for Editor in 0.00 ms.
Unloading 1532 Unused Serialized files (Serialized files now loaded: 0)
System memory in use before: 155.0 MB.
System memory in use after: 155.0 MB.

Unloading 15 unused Assets to reduce memory usage. Loaded Objects now: 2003.
Total: 2.858324 ms (FindLiveObjects: 0.271920 ms CreateObjectMapping: 0.077228 ms MarkObjects: 2.427376 ms  DeleteObjects: 0.079977 ms)

AssetImportParameters requested are different than current active one (requested -> active):
  custom:video-decoder-ogg-theora: a1e56fd34408186e4bbccfd4996cb3dc -> 
  custom:container-muxer-webm: aa71ff27fc2769a1b78a27578f13a17b -> 
  custom:container-demuxer-webm: 4f35f7cbe854078d1ac9338744f61a02 -> 
  custom:container-demuxer-ogg: 62fdf1f143b41e24485cea50d1cbac27 -> 
  custom:video-encoder-webm-vp8: eb34c28f22e8b96e1ab97ce403110664 -> 
  custom:framework-osx-AVFoundation: e770b220cccbd017edd2c1fefb359320 -> 
  custom:video-decoder-webm-vp8: 9c59270c3fd7afecdb556c50c9e8de78 -> 
  custom:audio-decoder-ogg-vorbis: bf7c407c2cedff20999df2af8eb42d56 -> 
  custom:audio-encoder-webm-vorbis: bf7c407c2cedff20999df2af8eb42d56 -> 
========================================================================
Received Prepare
Registering precompiled user dll's ...
Registered in 0.002864 seconds.
Begin MonoManager ReloadAssembly
Native extension for OSXStandalone target not found
Native extension for WebGL target not found
Refreshing native plugins compatible for Editor in 0.32 ms, found 2 plugins.
Preloading 0 native plugins for Editor in 0.00 ms.
Mono: successfully reloaded assembly
- Completed reload, in  1.071 seconds
Platform modules already initialized, skipping
Refreshing native plugins compatible for Editor in 0.56 ms, found 2 plugins.
Preloading 0 native plugins for Editor in 0.00 ms.
Unloading 1532 Unused Serialized files (Serialized files now loaded: 0)
System memory in use before: 155.2 MB.
System memory in use after: 155.3 MB.

Unloading 15 unused Assets to reduce memory usage. Loaded Objects now: 2006.
Total: 1.893908 ms (FindLiveObjects: 0.221010 ms CreateObjectMapping: 0.041979 ms MarkObjects: 1.587742 ms  DeleteObjects: 0.042326 ms)

AssetImportParameters requested are different than current active one (requested -> active):
  custom:video-decoder-ogg-theora: a1e56fd34408186e4bbccfd4996cb3dc -> 
  custom:container-muxer-webm: aa71ff27fc2769a1b78a27578f13a17b -> 
  custom:container-demuxer-webm: 4f35f7cbe854078d1ac9338744f61a02 -> 
  custom:container-demuxer-ogg: 62fdf1f143b41e24485cea50d1cbac27 -> 
  custom:video-encoder-webm-vp8: eb34c28f22e8b96e1ab97ce403110664 -> 
  custom:framework-osx-AVFoundation: e770b220cccbd017edd2c1fefb359320 -> 
  custom:video-decoder-webm-vp8: 9c59270c3fd7afecdb556c50c9e8de78 -> 
  custom:audio-decoder-ogg-vorbis: bf7c407c2cedff20999df2af8eb42d56 -> 
  custom:audio-encoder-webm-vorbis: bf7c407c2cedff20999df2af8eb42d56 -> 
========================================================================
Received Prepare
Registering precompiled user dll's ...
Registered in 0.002905 seconds.
Begin MonoManager ReloadAssembly
Native extension for OSXStandalone target not found
Native extension for WebGL target not found
Refreshing native plugins compatible for Editor in 0.29 ms, found 2 plugins.
Preloading 0 native plugins for Editor in 0.00 ms.
Mono: successfully reloaded assembly
- Completed reload, in  1.101 seconds
Platform modules already initialized, skipping
Refreshing native plugins compatible for Editor in 0.30 ms, found 2 plugins.
Preloading 0 native plugins for Editor in 0.00 ms.
Unloading 1532 Unused Serialized files (Serialized files now loaded: 0)
System memory in use before: 155.4 MB.
System memory in use after: 155.5 MB.

Unloading 15 unused Assets to reduce memory usage. Loaded Objects now: 2009.
Total: 2.059303 ms (FindLiveObjects: 0.331356 ms CreateObjectMapping: 0.089537 ms MarkObjects: 1.588236 ms  DeleteObjects: 0.049159 ms)

AssetImportParameters requested are different than current active one (requested -> active):
  custom:video-decoder-ogg-theora: a1e56fd34408186e4bbccfd4996cb3dc -> 
  custom:container-muxer-webm: aa71ff27fc2769a1b78a27578f13a17b -> 
  custom:container-demuxer-webm: 4f35f7cbe854078d1ac9338744f61a02 -> 
  custom:container-demuxer-ogg: 62fdf1f143b41e24485cea50d1cbac27 -> 
  custom:video-encoder-webm-vp8: eb34c28f22e8b96e1ab97ce403110664 -> 
  custom:framework-osx-AVFoundation: e770b220cccbd017edd2c1fefb359320 -> 
  custom:video-decoder-webm-vp8: 9c59270c3fd7afecdb556c50c9e8de78 -> 
  custom:audio-decoder-ogg-vorbis: bf7c407c2cedff20999df2af8eb42d56 -> 
  custom:audio-encoder-webm-vorbis: bf7c407c2cedff20999df2af8eb42d56 -> 
========================================================================
Received Prepare
Registering precompiled user dll's ...
Registered in 0.003704 seconds.
Begin MonoManager ReloadAssembly
Native extension for OSXStandalone target not found
Native extension for WebGL target not found
Refreshing native plugins compatible for Editor in 0.68 ms, found 2 plugins.
Preloading 0 native plugins for Editor in 0.00 ms.
Mono: successfully reloaded assembly
- Completed reload, in  1.307 seconds
Platform modules already initialized, skipping
Refreshing native plugins compatible for Editor in 0.29 ms, found 2 plugins.
Preloading 0 native plugins for Editor in 0.00 ms.
Unloading 1532 Unused Serialized files (Serialized files now loaded: 0)
System memory in use before: 155.7 MB.
System memory in use after: 155.8 MB.

Unloading 15 unused Assets to reduce memory usage. Loaded Objects now: 2012.
Total: 1.781181 ms (FindLiveObjects: 0.236671 ms CreateObjectMapping: 0.069436 ms MarkObjects: 1.429381 ms  DeleteObjects: 0.044876 ms)

AssetImportParameters requested are different than current active one (requested -> active):
  custom:video-decoder-ogg-theora: a1e56fd34408186e4bbccfd4996cb3dc -> 
  custom:container-muxer-webm: aa71ff27fc2769a1b78a27578f13a17b -> 
  custom:container-demuxer-webm: 4f35f7cbe854078d1ac9338744f61a02 -> 
  custom:container-demuxer-ogg: 62fdf1f143b41e24485cea50d1cbac27 -> 
  custom:video-encoder-webm-vp8: eb34c28f22e8b96e1ab97ce403110664 -> 
  custom:framework-osx-AVFoundation: e770b220cccbd017edd2c1fefb359320 -> 
  custom:video-decoder-webm-vp8: 9c59270c3fd7afecdb556c50c9e8de78 -> 
  custom:audio-decoder-ogg-vorbis: bf7c407c2cedff20999df2af8eb42d56 -> 
  custom:audio-encoder-webm-vorbis: bf7c407c2cedff20999df2af8eb42d56 -> 
========================================================================
Received Import Request.
  Time since last request: 4791.356986 seconds.
  path: Assets/Scripts/MainMenu
  artifactKey: Guid(b48b0ac241667481b9eee77bc7704387) Importer(815301076,1909f56bfc062723c751e8b465ee728b)
Start importing Assets/Scripts/MainMenu using Guid(b48b0ac241667481b9eee77bc7704387) Importer(815301076,1909f56bfc062723c751e8b465ee728b)  -> (artifact id: '555d1fbd616fcafe7c8b11887be78b12') in 0.006778 seconds 
  Import took 0.010526 seconds .

========================================================================
Received Import Request.
  Time since last request: 17.302209 seconds.
  path: Assets/Scripts/MainMenu/MainMenu.cs
  artifactKey: Guid(2fa0f35541a984a84a052e7418e9ef8f) Importer(815301076,1909f56bfc062723c751e8b465ee728b)
Start importing Assets/Scripts/MainMenu/MainMenu.cs using Guid(2fa0f35541a984a84a052e7418e9ef8f) Importer(815301076,1909f56bfc062723c751e8b465ee728b)  -> (artifact id: 'fea62dfb96e6072ebd990d45ebb25be3') in 0.477023 seconds 
  Import took 0.479567 seconds .

========================================================================
Received Prepare
Registering precompiled user dll's ...
Registered in 0.003877 seconds.
Begin MonoManager ReloadAssembly
Native extension for OSXStandalone target not found
Native extension for WebGL target not found
Refreshing native plugins compatible for Editor in 0.28 ms, found 2 plugins.
Preloading 0 native plugins for Editor in 0.00 ms.
Mono: successfully reloaded assembly
- Completed reload, in  1.056 seconds
Platform modules already initialized, skipping
Refreshing native plugins compatible for Editor in 0.28 ms, found 2 plugins.
Preloading 0 native plugins for Editor in 0.00 ms.
Unloading 1533 Unused Serialized files (Serialized files now loaded: 0)
System memory in use before: 160.1 MB.
System memory in use after: 160.2 MB.

Unloading 15 unused Assets to reduce memory usage. Loaded Objects now: 2016.
Total: 2.789766 ms (FindLiveObjects: 0.573597 ms CreateObjectMapping: 0.098517 ms MarkObjects: 2.073929 ms  DeleteObjects: 0.042867 ms)

AssetImportParameters requested are different than current active one (requested -> active):
  custom:video-decoder-ogg-theora: a1e56fd34408186e4bbccfd4996cb3dc -> 
  custom:container-muxer-webm: aa71ff27fc2769a1b78a27578f13a17b -> 
  custom:container-demuxer-webm: 4f35f7cbe854078d1ac9338744f61a02 -> 
  custom:container-demuxer-ogg: 62fdf1f143b41e24485cea50d1cbac27 -> 
  custom:video-encoder-webm-vp8: eb34c28f22e8b96e1ab97ce403110664 -> 
  custom:framework-osx-AVFoundation: e770b220cccbd017edd2c1fefb359320 -> 
  custom:video-decoder-webm-vp8: 9c59270c3fd7afecdb556c50c9e8de78 -> 
  custom:audio-decoder-ogg-vorbis: bf7c407c2cedff20999df2af8eb42d56 -> 
  custom:audio-encoder-webm-vorbis: bf7c407c2cedff20999df2af8eb42d56 -> 
========================================================================
Received Import Request.
  Time since last request: 263.467429 seconds.
  path: Assets/Scripts/MainMenu/MainMenu.cs
  artifactKey: Guid(2fa0f35541a984a84a052e7418e9ef8f) Importer(815301076,1909f56bfc062723c751e8b465ee728b)
Start importing Assets/Scripts/MainMenu/MainMenu.cs using Guid(2fa0f35541a984a84a052e7418e9ef8f) Importer(815301076,1909f56bfc062723c751e8b465ee728b)  -> (artifact id: 'ebe6edc34e3a6eb2e66286afc603d5b0') in 0.008881 seconds 
  Import took 0.011832 seconds .

========================================================================
Received Prepare
Registering precompiled user dll's ...
Registered in 0.004807 seconds.
Begin MonoManager ReloadAssembly
Native extension for OSXStandalone target not found
Native extension for WebGL target not found
Refreshing native plugins compatible for Editor in 0.29 ms, found 2 plugins.
Preloading 0 native plugins for Editor in 0.00 ms.
Mono: successfully reloaded assembly
- Completed reload, in  1.065 seconds
Platform modules already initialized, skipping
Refreshing native plugins compatible for Editor in 0.29 ms, found 2 plugins.
Preloading 0 native plugins for Editor in 0.00 ms.
Unloading 1533 Unused Serialized files (Serialized files now loaded: 0)
System memory in use before: 160.4 MB.
System memory in use after: 160.4 MB.

Unloading 15 unused Assets to reduce memory usage. Loaded Objects now: 2019.
Total: 2.107983 ms (FindLiveObjects: 0.254036 ms CreateObjectMapping: 0.066805 ms MarkObjects: 1.735159 ms  DeleteObjects: 0.043321 ms)

AssetImportParameters requested are different than current active one (requested -> active):
  custom:video-decoder-ogg-theora: a1e56fd34408186e4bbccfd4996cb3dc -> 
  custom:container-muxer-webm: aa71ff27fc2769a1b78a27578f13a17b -> 
  custom:container-demuxer-webm: 4f35f7cbe854078d1ac9338744f61a02 -> 
  custom:container-demuxer-ogg: 62fdf1f143b41e24485cea50d1cbac27 -> 
  custom:video-encoder-webm-vp8: eb34c28f22e8b96e1ab97ce403110664 -> 
  custom:framework-osx-AVFoundation: e770b220cccbd017edd2c1fefb359320 -> 
  custom:video-decoder-webm-vp8: 9c59270c3fd7afecdb556c50c9e8de78 -> 
  custom:audio-decoder-ogg-vorbis: bf7c407c2cedff20999df2af8eb42d56 -> 
  custom:audio-encoder-webm-vorbis: bf7c407c2cedff20999df2af8eb42d56 -> 
========================================================================
Received Prepare
Registering precompiled user dll's ...
Registered in 0.004085 seconds.
Begin MonoManager ReloadAssembly
Native extension for OSXStandalone target not found
Native extension for WebGL target not found
Refreshing native plugins compatible for Editor in 0.28 ms, found 2 plugins.
Preloading 0 native plugins for Editor in 0.00 ms.
Mono: successfully reloaded assembly
- Completed reload, in  1.034 seconds
Platform modules already initialized, skipping
Refreshing native plugins compatible for Editor in 0.29 ms, found 2 plugins.
Preloading 0 native plugins for Editor in 0.00 ms.
Unloading 1533 Unused Serialized files (Serialized files now loaded: 0)
System memory in use before: 160.6 MB.
System memory in use after: 160.7 MB.

Unloading 15 unused Assets to reduce memory usage. Loaded Objects now: 2022.
Total: 2.302562 ms (FindLiveObjects: 0.516365 ms CreateObjectMapping: 0.117373 ms MarkObjects: 1.620991 ms  DeleteObjects: 0.046228 ms)

AssetImportParameters requested are different than current active one (requested -> active):
  custom:video-decoder-ogg-theora: a1e56fd34408186e4bbccfd4996cb3dc -> 
  custom:container-muxer-webm: aa71ff27fc2769a1b78a27578f13a17b -> 
  custom:container-demuxer-webm: 4f35f7cbe854078d1ac9338744f61a02 -> 
  custom:container-demuxer-ogg: 62fdf1f143b41e24485cea50d1cbac27 -> 
  custom:video-encoder-webm-vp8: eb34c28f22e8b96e1ab97ce403110664 -> 
  custom:framework-osx-AVFoundation: e770b220cccbd017edd2c1fefb359320 -> 
  custom:video-decoder-webm-vp8: 9c59270c3fd7afecdb556c50c9e8de78 -> 
  custom:audio-decoder-ogg-vorbis: bf7c407c2cedff20999df2af8eb42d56 -> 
  custom:audio-encoder-webm-vorbis: bf7c407c2cedff20999df2af8eb42d56 -> 
========================================================================
Received Prepare
Registering precompiled user dll's ...
Registered in 0.003967 seconds.
Begin MonoManager ReloadAssembly
Native extension for OSXStandalone target not found
Native extension for WebGL target not found
Refreshing native plugins compatible for Editor in 0.29 ms, found 2 plugins.
Preloading 0 native plugins for Editor in 0.00 ms.
Mono: successfully reloaded assembly
- Completed reload, in  1.074 seconds
Platform modules already initialized, skipping
Refreshing native plugins compatible for Editor in 0.29 ms, found 2 plugins.
Preloading 0 native plugins for Editor in 0.00 ms.
Unloading 1533 Unused Serialized files (Serialized files now loaded: 0)
System memory in use before: 160.8 MB.
System memory in use after: 160.9 MB.

Unloading 15 unused Assets to reduce memory usage. Loaded Objects now: 2025.
Total: 1.632513 ms (FindLiveObjects: 0.145866 ms CreateObjectMapping: 0.061362 ms MarkObjects: 1.382551 ms  DeleteObjects: 0.042030 ms)

AssetImportParameters requested are different than current active one (requested -> active):
  custom:video-decoder-ogg-theora: a1e56fd34408186e4bbccfd4996cb3dc -> 
  custom:container-muxer-webm: aa71ff27fc2769a1b78a27578f13a17b -> 
  custom:container-demuxer-webm: 4f35f7cbe854078d1ac9338744f61a02 -> 
  custom:container-demuxer-ogg: 62fdf1f143b41e24485cea50d1cbac27 -> 
  custom:video-encoder-webm-vp8: eb34c28f22e8b96e1ab97ce403110664 -> 
  custom:framework-osx-AVFoundation: e770b220cccbd017edd2c1fefb359320 -> 
  custom:video-decoder-webm-vp8: 9c59270c3fd7afecdb556c50c9e8de78 -> 
  custom:audio-decoder-ogg-vorbis: bf7c407c2cedff20999df2af8eb42d56 -> 
  custom:audio-encoder-webm-vorbis: bf7c407c2cedff20999df2af8eb42d56 -> 
========================================================================
Received Import Request.
  Time since last request: 654.497088 seconds.
  path: Assets/Scenes/MenuScene.unity
  artifactKey: Guid(7b293497608eb421986009c0537bdd48) Importer(815301076,1909f56bfc062723c751e8b465ee728b)
Start importing Assets/Scenes/MenuScene.unity using Guid(7b293497608eb421986009c0537bdd48) Importer(815301076,1909f56bfc062723c751e8b465ee728b)  -> (artifact id: 'bb0e728af5b777174644f5c366d3ce9f') in 0.015890 seconds 
  Import took 0.018761 seconds .

========================================================================
Received Prepare
Registering precompiled user dll's ...
Registered in 0.004014 seconds.
Begin MonoManager ReloadAssembly
Native extension for OSXStandalone target not found
Native extension for WebGL target not found
Refreshing native plugins compatible for Editor in 0.29 ms, found 2 plugins.
Preloading 0 native plugins for Editor in 0.00 ms.
Mono: successfully reloaded assembly
- Completed reload, in  1.087 seconds
Platform modules already initialized, skipping
Refreshing native plugins compatible for Editor in 0.61 ms, found 2 plugins.
Preloading 0 native plugins for Editor in 0.00 ms.
Unloading 1533 Unused Serialized files (Serialized files now loaded: 0)
System memory in use before: 161.1 MB.
System memory in use after: 161.1 MB.

Unloading 15 unused Assets to reduce memory usage. Loaded Objects now: 2028.
Total: 1.568542 ms (FindLiveObjects: 0.134569 ms CreateObjectMapping: 0.037720 ms MarkObjects: 1.354814 ms  DeleteObjects: 0.040696 ms)

AssetImportParameters requested are different than current active one (requested -> active):
  custom:video-decoder-ogg-theora: a1e56fd34408186e4bbccfd4996cb3dc -> 
  custom:container-muxer-webm: aa71ff27fc2769a1b78a27578f13a17b -> 
  custom:container-demuxer-webm: 4f35f7cbe854078d1ac9338744f61a02 -> 
  custom:container-demuxer-ogg: 62fdf1f143b41e24485cea50d1cbac27 -> 
  custom:video-encoder-webm-vp8: eb34c28f22e8b96e1ab97ce403110664 -> 
  custom:framework-osx-AVFoundation: e770b220cccbd017edd2c1fefb359320 -> 
  custom:video-decoder-webm-vp8: 9c59270c3fd7afecdb556c50c9e8de78 -> 
  custom:audio-decoder-ogg-vorbis: bf7c407c2cedff20999df2af8eb42d56 -> 
  custom:audio-encoder-webm-vorbis: bf7c407c2cedff20999df2af8eb42d56 -> 
========================================================================
Received Prepare
Refreshing native plugins compatible for Editor in 4.14 ms, found 2 plugins.
Preloading 0 native plugins for Editor in 0.00 ms.
Unloading 12 Unused Serialized files (Serialized files now loaded: 0)
System memory in use before: 131.2 MB.
System memory in use after: 131.3 MB.

Unloading 12 unused Assets to reduce memory usage. Loaded Objects now: 2028.
Total: 1.963504 ms (FindLiveObjects: 0.223029 ms CreateObjectMapping: 0.057725 ms MarkObjects: 1.632575 ms  DeleteObjects: 0.048904 ms)

AssetImportParameters requested are different than current active one (requested -> active):
  custom:video-decoder-ogg-theora: a1e56fd34408186e4bbccfd4996cb3dc -> 
  custom:container-muxer-webm: aa71ff27fc2769a1b78a27578f13a17b -> 
  custom:container-demuxer-webm: 4f35f7cbe854078d1ac9338744f61a02 -> 
  custom:container-demuxer-ogg: 62fdf1f143b41e24485cea50d1cbac27 -> 
  custom:video-encoder-webm-vp8: eb34c28f22e8b96e1ab97ce403110664 -> 
  custom:framework-osx-AVFoundation: e770b220cccbd017edd2c1fefb359320 -> 
  custom:video-decoder-webm-vp8: 9c59270c3fd7afecdb556c50c9e8de78 -> 
  custom:audio-decoder-ogg-vorbis: bf7c407c2cedff20999df2af8eb42d56 -> 
  custom:audio-encoder-webm-vorbis: bf7c407c2cedff20999df2af8eb42d56 -> 
========================================================================
Received Prepare
Refreshing native plugins compatible for Editor in 3.70 ms, found 2 plugins.
Preloading 0 native plugins for Editor in 0.00 ms.
Unloading 12 Unused Serialized files (Serialized files now loaded: 0)
System memory in use before: 131.9 MB.
System memory in use after: 132.0 MB.

Unloading 12 unused Assets to reduce memory usage. Loaded Objects now: 2028.
Total: 2.272828 ms (FindLiveObjects: 0.356594 ms CreateObjectMapping: 0.118418 ms MarkObjects: 1.730207 ms  DeleteObjects: 0.065633 ms)

AssetImportParameters requested are different than current active one (requested -> active):
  custom:video-decoder-ogg-theora: a1e56fd34408186e4bbccfd4996cb3dc -> 
  custom:container-muxer-webm: aa71ff27fc2769a1b78a27578f13a17b -> 
  custom:container-demuxer-webm: 4f35f7cbe854078d1ac9338744f61a02 -> 
  custom:container-demuxer-ogg: 62fdf1f143b41e24485cea50d1cbac27 -> 
  custom:video-encoder-webm-vp8: eb34c28f22e8b96e1ab97ce403110664 -> 
  custom:framework-osx-AVFoundation: e770b220cccbd017edd2c1fefb359320 -> 
  custom:video-decoder-webm-vp8: 9c59270c3fd7afecdb556c50c9e8de78 -> 
  custom:audio-decoder-ogg-vorbis: bf7c407c2cedff20999df2af8eb42d56 -> 
  custom:audio-encoder-webm-vorbis: bf7c407c2cedff20999df2af8eb42d56 -> 
========================================================================
Received Import Request.
  Time since last request: 378.309688 seconds.
  path: Assets/Scenes/StageEffects.cs
  artifactKey: Guid(d070aa083210c477aa0db68f5096c7ab) Importer(815301076,1909f56bfc062723c751e8b465ee728b)
Start importing Assets/Scenes/StageEffects.cs using Guid(d070aa083210c477aa0db68f5096c7ab) Importer(815301076,1909f56bfc062723c751e8b465ee728b)  -> (artifact id: '85e7d11e9c545d7b9ef7eda6cbcd2ec5') in 0.023169 seconds 
  Import took 0.026416 seconds .

========================================================================
Received Prepare
Registering precompiled user dll's ...
Registered in 0.004446 seconds.
Begin MonoManager ReloadAssembly
Native extension for OSXStandalone target not found
Native extension for WebGL target not found
Refreshing native plugins compatible for Editor in 0.29 ms, found 2 plugins.
Preloading 0 native plugins for Editor in 0.00 ms.
Mono: successfully reloaded assembly
- Completed reload, in  1.079 seconds
Platform modules already initialized, skipping
Refreshing native plugins compatible for Editor in 0.29 ms, found 2 plugins.
Preloading 0 native plugins for Editor in 0.00 ms.
Unloading 1534 Unused Serialized files (Serialized files now loaded: 0)
System memory in use before: 162.3 MB.
System memory in use after: 162.4 MB.

Unloading 15 unused Assets to reduce memory usage. Loaded Objects now: 2032.
Total: 1.600078 ms (FindLiveObjects: 0.136772 ms CreateObjectMapping: 0.039641 ms MarkObjects: 1.380940 ms  DeleteObjects: 0.041987 ms)

AssetImportParameters requested are different than current active one (requested -> active):
  custom:video-decoder-ogg-theora: a1e56fd34408186e4bbccfd4996cb3dc -> 
  custom:container-muxer-webm: aa71ff27fc2769a1b78a27578f13a17b -> 
  custom:container-demuxer-webm: 4f35f7cbe854078d1ac9338744f61a02 -> 
  custom:container-demuxer-ogg: 62fdf1f143b41e24485cea50d1cbac27 -> 
  custom:video-encoder-webm-vp8: eb34c28f22e8b96e1ab97ce403110664 -> 
  custom:framework-osx-AVFoundation: e770b220cccbd017edd2c1fefb359320 -> 
  custom:video-decoder-webm-vp8: 9c59270c3fd7afecdb556c50c9e8de78 -> 
  custom:audio-decoder-ogg-vorbis: bf7c407c2cedff20999df2af8eb42d56 -> 
  custom:audio-encoder-webm-vorbis: bf7c407c2cedff20999df2af8eb42d56 -> 
========================================================================
Received Prepare
Registering precompiled user dll's ...
Registered in 0.004020 seconds.
Begin MonoManager ReloadAssembly
Native extension for OSXStandalone target not found
Native extension for WebGL target not found
Refreshing native plugins compatible for Editor in 0.29 ms, found 2 plugins.
Preloading 0 native plugins for Editor in 0.00 ms.
Mono: successfully reloaded assembly
- Completed reload, in  1.102 seconds
Platform modules already initialized, skipping
Refreshing native plugins compatible for Editor in 0.29 ms, found 2 plugins.
Preloading 0 native plugins for Editor in 0.00 ms.
Unloading 1534 Unused Serialized files (Serialized files now loaded: 0)
System memory in use before: 162.5 MB.
System memory in use after: 162.6 MB.

Unloading 15 unused Assets to reduce memory usage. Loaded Objects now: 2035.
Total: 1.767770 ms (FindLiveObjects: 0.152128 ms CreateObjectMapping: 0.044980 ms MarkObjects: 1.483695 ms  DeleteObjects: 0.086093 ms)

AssetImportParameters requested are different than current active one (requested -> active):
  custom:video-decoder-ogg-theora: a1e56fd34408186e4bbccfd4996cb3dc -> 
  custom:container-muxer-webm: aa71ff27fc2769a1b78a27578f13a17b -> 
  custom:container-demuxer-webm: 4f35f7cbe854078d1ac9338744f61a02 -> 
  custom:container-demuxer-ogg: 62fdf1f143b41e24485cea50d1cbac27 -> 
  custom:video-encoder-webm-vp8: eb34c28f22e8b96e1ab97ce403110664 -> 
  custom:framework-osx-AVFoundation: e770b220cccbd017edd2c1fefb359320 -> 
  custom:video-decoder-webm-vp8: 9c59270c3fd7afecdb556c50c9e8de78 -> 
  custom:audio-decoder-ogg-vorbis: bf7c407c2cedff20999df2af8eb42d56 -> 
  custom:audio-encoder-webm-vorbis: bf7c407c2cedff20999df2af8eb42d56 -> 
========================================================================
Received Prepare
Registering precompiled user dll's ...
Registered in 0.003925 seconds.
Begin MonoManager ReloadAssembly
Native extension for OSXStandalone target not found
Native extension for WebGL target not found
Refreshing native plugins compatible for Editor in 0.30 ms, found 2 plugins.
Preloading 0 native plugins for Editor in 0.00 ms.
Mono: successfully reloaded assembly
- Completed reload, in  1.100 seconds
Platform modules already initialized, skipping
Refreshing native plugins compatible for Editor in 0.28 ms, found 2 plugins.
Preloading 0 native plugins for Editor in 0.00 ms.
Unloading 1534 Unused Serialized files (Serialized files now loaded: 0)
System memory in use before: 162.8 MB.
System memory in use after: 162.9 MB.

Unloading 15 unused Assets to reduce memory usage. Loaded Objects now: 2038.
Total: 1.630282 ms (FindLiveObjects: 0.136561 ms CreateObjectMapping: 0.043189 ms MarkObjects: 1.408250 ms  DeleteObjects: 0.041503 ms)

AssetImportParameters requested are different than current active one (requested -> active):
  custom:video-decoder-ogg-theora: a1e56fd34408186e4bbccfd4996cb3dc -> 
  custom:container-muxer-webm: aa71ff27fc2769a1b78a27578f13a17b -> 
  custom:container-demuxer-webm: 4f35f7cbe854078d1ac9338744f61a02 -> 
  custom:container-demuxer-ogg: 62fdf1f143b41e24485cea50d1cbac27 -> 
  custom:video-encoder-webm-vp8: eb34c28f22e8b96e1ab97ce403110664 -> 
  custom:framework-osx-AVFoundation: e770b220cccbd017edd2c1fefb359320 -> 
  custom:video-decoder-webm-vp8: 9c59270c3fd7afecdb556c50c9e8de78 -> 
  custom:audio-decoder-ogg-vorbis: bf7c407c2cedff20999df2af8eb42d56 -> 
  custom:audio-encoder-webm-vorbis: bf7c407c2cedff20999df2af8eb42d56 -> 
========================================================================
Received Prepare
Refreshing native plugins compatible for Editor in 2.36 ms, found 2 plugins.
Preloading 0 native plugins for Editor in 0.00 ms.
Unloading 12 Unused Serialized files (Serialized files now loaded: 0)
System memory in use before: 132.8 MB.
System memory in use after: 132.9 MB.

Unloading 12 unused Assets to reduce memory usage. Loaded Objects now: 2038.
Total: 1.733819 ms (FindLiveObjects: 0.168836 ms CreateObjectMapping: 0.047556 ms MarkObjects: 1.472757 ms  DeleteObjects: 0.043759 ms)

AssetImportParameters requested are different than current active one (requested -> active):
  custom:video-decoder-ogg-theora: a1e56fd34408186e4bbccfd4996cb3dc -> 
  custom:container-muxer-webm: aa71ff27fc2769a1b78a27578f13a17b -> 
  custom:container-demuxer-webm: 4f35f7cbe854078d1ac9338744f61a02 -> 
  custom:container-demuxer-ogg: 62fdf1f143b41e24485cea50d1cbac27 -> 
  custom:video-encoder-webm-vp8: eb34c28f22e8b96e1ab97ce403110664 -> 
  custom:framework-osx-AVFoundation: e770b220cccbd017edd2c1fefb359320 -> 
  custom:video-decoder-webm-vp8: 9c59270c3fd7afecdb556c50c9e8de78 -> 
  custom:audio-decoder-ogg-vorbis: bf7c407c2cedff20999df2af8eb42d56 -> 
  custom:audio-encoder-webm-vorbis: bf7c407c2cedff20999df2af8eb42d56 -> 
========================================================================
Received Prepare
Refreshing native plugins compatible for Editor in 3.53 ms, found 2 plugins.
Preloading 0 native plugins for Editor in 0.00 ms.
Unloading 12 Unused Serialized files (Serialized files now loaded: 0)
System memory in use before: 132.9 MB.
System memory in use after: 133.0 MB.

Unloading 12 unused Assets to reduce memory usage. Loaded Objects now: 2038.
Total: 1.947323 ms (FindLiveObjects: 0.162560 ms CreateObjectMapping: 0.051585 ms MarkObjects: 1.686406 ms  DeleteObjects: 0.045888 ms)

AssetImportParameters requested are different than current active one (requested -> active):
  custom:video-decoder-ogg-theora: a1e56fd34408186e4bbccfd4996cb3dc -> 
  custom:container-muxer-webm: aa71ff27fc2769a1b78a27578f13a17b -> 
  custom:container-demuxer-webm: 4f35f7cbe854078d1ac9338744f61a02 -> 
  custom:container-demuxer-ogg: 62fdf1f143b41e24485cea50d1cbac27 -> 
  custom:video-encoder-webm-vp8: eb34c28f22e8b96e1ab97ce403110664 -> 
  custom:framework-osx-AVFoundation: e770b220cccbd017edd2c1fefb359320 -> 
  custom:video-decoder-webm-vp8: 9c59270c3fd7afecdb556c50c9e8de78 -> 
  custom:audio-decoder-ogg-vorbis: bf7c407c2cedff20999df2af8eb42d56 -> 
  custom:audio-encoder-webm-vorbis: bf7c407c2cedff20999df2af8eb42d56 -> 
========================================================================
Received Prepare
Registering precompiled user dll's ...
Registered in 0.004687 seconds.
Begin MonoManager ReloadAssembly
Native extension for OSXStandalone target not found
Native extension for WebGL target not found
Refreshing native plugins compatible for Editor in 0.35 ms, found 2 plugins.
Preloading 0 native plugins for Editor in 0.00 ms.
Mono: successfully reloaded assembly
- Completed reload, in  1.072 seconds
Platform modules already initialized, skipping
Refreshing native plugins compatible for Editor in 0.29 ms, found 2 plugins.
Preloading 0 native plugins for Editor in 0.00 ms.
Unloading 1534 Unused Serialized files (Serialized files now loaded: 0)
System memory in use before: 163.3 MB.
System memory in use after: 163.4 MB.

Unloading 15 unused Assets to reduce memory usage. Loaded Objects now: 2041.
Total: 1.636010 ms (FindLiveObjects: 0.150819 ms CreateObjectMapping: 0.042057 ms MarkObjects: 1.398820 ms  DeleteObjects: 0.043226 ms)

AssetImportParameters requested are different than current active one (requested -> active):
  custom:video-decoder-ogg-theora: a1e56fd34408186e4bbccfd4996cb3dc -> 
  custom:container-muxer-webm: aa71ff27fc2769a1b78a27578f13a17b -> 
  custom:container-demuxer-webm: 4f35f7cbe854078d1ac9338744f61a02 -> 
  custom:container-demuxer-ogg: 62fdf1f143b41e24485cea50d1cbac27 -> 
  custom:video-encoder-webm-vp8: eb34c28f22e8b96e1ab97ce403110664 -> 
  custom:framework-osx-AVFoundation: e770b220cccbd017edd2c1fefb359320 -> 
  custom:video-decoder-webm-vp8: 9c59270c3fd7afecdb556c50c9e8de78 -> 
  custom:audio-decoder-ogg-vorbis: bf7c407c2cedff20999df2af8eb42d56 -> 
  custom:audio-encoder-webm-vorbis: bf7c407c2cedff20999df2af8eb42d56 -> 
========================================================================
Received Import Request.
  Time since last request: 402.162010 seconds.
  path: Assets/Scenes/MenuScene.unity
  artifactKey: Guid(7b293497608eb421986009c0537bdd48) Importer(815301076,1909f56bfc062723c751e8b465ee728b)
Start importing Assets/Scenes/MenuScene.unity using Guid(7b293497608eb421986009c0537bdd48) Importer(815301076,1909f56bfc062723c751e8b465ee728b)  -> (artifact id: '6511bd82ef4ad860efbca85dd1416d74') in 0.012641 seconds 
  Import took 0.015173 seconds .

========================================================================
Received Import Request.
  Time since last request: 0.002664 seconds.
  path: Assets/Scenes/MenuScene.unity
  artifactKey: Guid(7b293497608eb421986009c0537bdd48) Importer(815301076,1909f56bfc062723c751e8b465ee728b)
Start importing Assets/Scenes/MenuScene.unity using Guid(7b293497608eb421986009c0537bdd48) Importer(815301076,1909f56bfc062723c751e8b465ee728b)  -> (artifact id: '6511bd82ef4ad860efbca85dd1416d74') in 0.003060 seconds 
  Import took 0.005391 seconds .

========================================================================
Received Import Request.
  Time since last request: 113.025361 seconds.
  path: Assets/Scenes/GameScene.unity
  artifactKey: Guid(9fc0d4010bbf28b4594072e72b8655ab) Importer(815301076,1909f56bfc062723c751e8b465ee728b)
Start importing Assets/Scenes/GameScene.unity using Guid(9fc0d4010bbf28b4594072e72b8655ab) Importer(815301076,1909f56bfc062723c751e8b465ee728b)  -> (artifact id: '758242b654009ece8e9af8137cd8fb29') in 0.003251 seconds 
  Import took 0.006135 seconds .

========================================================================
Received Import Request.
  Time since last request: 0.011956 seconds.
  path: Assets/Scenes/GameScene.unity
  artifactKey: Guid(9fc0d4010bbf28b4594072e72b8655ab) Importer(815301076,1909f56bfc062723c751e8b465ee728b)
Start importing Assets/Scenes/GameScene.unity using Guid(9fc0d4010bbf28b4594072e72b8655ab) Importer(815301076,1909f56bfc062723c751e8b465ee728b)  -> (artifact id: '758242b654009ece8e9af8137cd8fb29') in 0.003085 seconds 
  Import took 0.005527 seconds .

========================================================================
Received Prepare
Registering precompiled user dll's ...
Registered in 0.003810 seconds.
Begin MonoManager ReloadAssembly
Native extension for OSXStandalone target not found
Native extension for WebGL target not found
Refreshing native plugins compatible for Editor in 0.32 ms, found 2 plugins.
Preloading 0 native plugins for Editor in 0.00 ms.
Mono: successfully reloaded assembly
- Completed reload, in  1.081 seconds
Platform modules already initialized, skipping
Refreshing native plugins compatible for Editor in 0.29 ms, found 2 plugins.
Preloading 0 native plugins for Editor in 0.00 ms.
Unloading 1534 Unused Serialized files (Serialized files now loaded: 0)
System memory in use before: 163.5 MB.
System memory in use after: 163.6 MB.

Unloading 15 unused Assets to reduce memory usage. Loaded Objects now: 2044.
Total: 1.812498 ms (FindLiveObjects: 0.163024 ms CreateObjectMapping: 0.042287 ms MarkObjects: 1.527642 ms  DeleteObjects: 0.078695 ms)

AssetImportParameters requested are different than current active one (requested -> active):
  custom:video-decoder-ogg-theora: a1e56fd34408186e4bbccfd4996cb3dc -> 
  custom:container-muxer-webm: aa71ff27fc2769a1b78a27578f13a17b -> 
  custom:container-demuxer-webm: 4f35f7cbe854078d1ac9338744f61a02 -> 
  custom:container-demuxer-ogg: 62fdf1f143b41e24485cea50d1cbac27 -> 
  custom:video-encoder-webm-vp8: eb34c28f22e8b96e1ab97ce403110664 -> 
  custom:framework-osx-AVFoundation: e770b220cccbd017edd2c1fefb359320 -> 
  custom:video-decoder-webm-vp8: 9c59270c3fd7afecdb556c50c9e8de78 -> 
  custom:audio-decoder-ogg-vorbis: bf7c407c2cedff20999df2af8eb42d56 -> 
  custom:audio-encoder-webm-vorbis: bf7c407c2cedff20999df2af8eb42d56 -> 
========================================================================
Received Prepare
Registering precompiled user dll's ...
Registered in 0.004714 seconds.
Begin MonoManager ReloadAssembly
Native extension for OSXStandalone target not found
Native extension for WebGL target not found
Refreshing native plugins compatible for Editor in 0.29 ms, found 2 plugins.
Preloading 0 native plugins for Editor in 0.00 ms.
Mono: successfully reloaded assembly
- Completed reload, in  1.066 seconds
Platform modules already initialized, skipping
Refreshing native plugins compatible for Editor in 0.61 ms, found 2 plugins.
Preloading 0 native plugins for Editor in 0.00 ms.
Unloading 1535 Unused Serialized files (Serialized files now loaded: 0)
System memory in use before: 163.8 MB.
System memory in use after: 163.9 MB.

Unloading 15 unused Assets to reduce memory usage. Loaded Objects now: 2048.
Total: 1.901804 ms (FindLiveObjects: 0.142982 ms CreateObjectMapping: 0.040672 ms MarkObjects: 1.673578 ms  DeleteObjects: 0.043703 ms)

AssetImportParameters requested are different than current active one (requested -> active):
  custom:video-decoder-ogg-theora: a1e56fd34408186e4bbccfd4996cb3dc -> 
  custom:container-muxer-webm: aa71ff27fc2769a1b78a27578f13a17b -> 
  custom:container-demuxer-webm: 4f35f7cbe854078d1ac9338744f61a02 -> 
  custom:container-demuxer-ogg: 62fdf1f143b41e24485cea50d1cbac27 -> 
  custom:video-encoder-webm-vp8: eb34c28f22e8b96e1ab97ce403110664 -> 
  custom:framework-osx-AVFoundation: e770b220cccbd017edd2c1fefb359320 -> 
  custom:video-decoder-webm-vp8: 9c59270c3fd7afecdb556c50c9e8de78 -> 
  custom:audio-decoder-ogg-vorbis: bf7c407c2cedff20999df2af8eb42d56 -> 
  custom:audio-encoder-webm-vorbis: bf7c407c2cedff20999df2af8eb42d56 -> 
========================================================================
Received Import Request.
  Time since last request: 52.943998 seconds.
  path: Assets/TextMesh Pro/Resources/Style Sheets/Default Style Sheet.asset
  artifactKey: Guid(f952c082cb03451daed3ee968ac6c63e) Importer(815301076,1909f56bfc062723c751e8b465ee728b)
Start importing Assets/TextMesh Pro/Resources/Style Sheets/Default Style Sheet.asset using Guid(f952c082cb03451daed3ee968ac6c63e) Importer(815301076,1909f56bfc062723c751e8b465ee728b)  -> (artifact id: '99846f5a5cef2b9fb3476a6a84d35918') in 1.294015 seconds 
  Import took 1.297485 seconds .

========================================================================
Received Import Request.
  Time since last request: 0.000227 seconds.
  path: Assets/TextMesh Pro/Sprites/EmojiOne.png
  artifactKey: Guid(dffef66376be4fa480fb02b19edbe903) Importer(815301076,1909f56bfc062723c751e8b465ee728b)
Start importing Assets/TextMesh Pro/Sprites/EmojiOne.png using Guid(dffef66376be4fa480fb02b19edbe903) Importer(815301076,1909f56bfc062723c751e8b465ee728b)  -> (artifact id: 'd78a27303d38c5bc73b55289faa0930d') in 0.036630 seconds 
  Import took 0.039361 seconds .

========================================================================
Received Import Request.
  Time since last request: 0.000179 seconds.
  path: Assets/TextMesh Pro/Fonts/LiberationSans.ttf
  artifactKey: Guid(e3265ab4bf004d28a9537516768c1c75) Importer(815301076,1909f56bfc062723c751e8b465ee728b)
Start importing Assets/TextMesh Pro/Fonts/LiberationSans.ttf using Guid(e3265ab4bf004d28a9537516768c1c75) Importer(815301076,1909f56bfc062723c751e8b465ee728b)  -> (artifact id: 'a31d09850e079c4c77073532874e4c7b') in 2.133604 seconds 
  Import took 2.137486 seconds .

========================================================================
Received Import Request.
  Time since last request: 0.000252 seconds.
  path: Assets/TextMesh Pro/Resources/Sprite Assets/EmojiOne.asset
  artifactKey: Guid(c41005c129ba4d66911b75229fd70b45) Importer(815301076,1909f56bfc062723c751e8b465ee728b)
Start importing Assets/TextMesh Pro/Resources/Sprite Assets/EmojiOne.asset using Guid(c41005c129ba4d66911b75229fd70b45) Importer(815301076,1909f56bfc062723c751e8b465ee728b)  -> (artifact id: '093a2cdfc4701742cd4e2e9653a3929b') in 0.013288 seconds 
  Import took 0.015514 seconds .

========================================================================
Received Prepare
Registering precompiled user dll's ...
Registered in 0.002466 seconds.
Begin MonoManager ReloadAssembly
Native extension for OSXStandalone target not found
Native extension for WebGL target not found
Refreshing native plugins compatible for Editor in 0.28 ms, found 2 plugins.
Preloading 0 native plugins for Editor in 0.00 ms.
Mono: successfully reloaded assembly
- Completed reload, in  1.058 seconds
Platform modules already initialized, skipping
Refreshing native plugins compatible for Editor in 0.30 ms, found 2 plugins.
Preloading 0 native plugins for Editor in 0.00 ms.
Unloading 1535 Unused Serialized files (Serialized files now loaded: 0)
System memory in use before: 173.1 MB.
System memory in use after: 173.1 MB.

Unloading 15 unused Assets to reduce memory usage. Loaded Objects now: 2094.
Total: 2.275262 ms (FindLiveObjects: 0.135540 ms CreateObjectMapping: 0.039953 ms MarkObjects: 2.059437 ms  DeleteObjects: 0.039581 ms)

AssetImportParameters requested are different than current active one (requested -> active):
  custom:video-decoder-ogg-theora: a1e56fd34408186e4bbccfd4996cb3dc -> 
  custom:container-muxer-webm: aa71ff27fc2769a1b78a27578f13a17b -> 
  custom:container-demuxer-webm: 4f35f7cbe854078d1ac9338744f61a02 -> 
  custom:container-demuxer-ogg: 62fdf1f143b41e24485cea50d1cbac27 -> 
  custom:video-encoder-webm-vp8: eb34c28f22e8b96e1ab97ce403110664 -> 
  custom:framework-osx-AVFoundation: e770b220cccbd017edd2c1fefb359320 -> 
  custom:video-decoder-webm-vp8: 9c59270c3fd7afecdb556c50c9e8de78 -> 
  custom:audio-decoder-ogg-vorbis: bf7c407c2cedff20999df2af8eb42d56 -> 
  custom:audio-encoder-webm-vorbis: bf7c407c2cedff20999df2af8eb42d56 -> 
========================================================================
Received Import Request.
  Time since last request: 19.824338 seconds.
  path: Assets/Scripts/EndPhase.cs
  artifactKey: Guid(93b18c37a6eaa420f8b048632a437c99) Importer(815301076,1909f56bfc062723c751e8b465ee728b)
Start importing Assets/Scripts/EndPhase.cs using Guid(93b18c37a6eaa420f8b048632a437c99) Importer(815301076,1909f56bfc062723c751e8b465ee728b)  -> (artifact id: '3b15619b7e9bf5c3cb04ab3c21caded3') in 0.008920 seconds 
  Import took 0.012191 seconds .

========================================================================
Received Import Request.
  Time since last request: 106.892091 seconds.
  path: Assets/Scripts/EndPhase.cs
  artifactKey: Guid(93b18c37a6eaa420f8b048632a437c99) Importer(815301076,1909f56bfc062723c751e8b465ee728b)
Start importing Assets/Scripts/EndPhase.cs using Guid(93b18c37a6eaa420f8b048632a437c99) Importer(815301076,1909f56bfc062723c751e8b465ee728b)  -> (artifact id: '83fac99cf4f1d1274ccf354bc9ae333a') in 0.006578 seconds 
  Import took 0.010625 seconds .

========================================================================
Received Import Request.
  Time since last request: 0.012127 seconds.
  path: Assets/Scripts/EndPhase.cs
  artifactKey: Guid(93b18c37a6eaa420f8b048632a437c99) Importer(815301076,1909f56bfc062723c751e8b465ee728b)
Start importing Assets/Scripts/EndPhase.cs using Guid(93b18c37a6eaa420f8b048632a437c99) Importer(815301076,1909f56bfc062723c751e8b465ee728b)  -> (artifact id: '83fac99cf4f1d1274ccf354bc9ae333a') in 0.005095 seconds 
  Import took 0.008123 seconds .

========================================================================
Received Prepare
Registering precompiled user dll's ...
Registered in 0.003438 seconds.
Begin MonoManager ReloadAssembly
Native extension for OSXStandalone target not found
Native extension for WebGL target not found
Refreshing native plugins compatible for Editor in 0.57 ms, found 2 plugins.
Preloading 0 native plugins for Editor in 0.00 ms.
Mono: successfully reloaded assembly
- Completed reload, in  1.065 seconds
Platform modules already initialized, skipping
Refreshing native plugins compatible for Editor in 0.31 ms, found 2 plugins.
Preloading 0 native plugins for Editor in 0.00 ms.
Unloading 1535 Unused Serialized files (Serialized files now loaded: 0)
System memory in use before: 173.3 MB.
System memory in use after: 173.4 MB.

Unloading 15 unused Assets to reduce memory usage. Loaded Objects now: 2097.
Total: 1.643339 ms (FindLiveObjects: 0.148399 ms CreateObjectMapping: 0.041330 ms MarkObjects: 1.403789 ms  DeleteObjects: 0.049015 ms)

AssetImportParameters requested are different than current active one (requested -> active):
  custom:video-decoder-ogg-theora: a1e56fd34408186e4bbccfd4996cb3dc -> 
  custom:container-muxer-webm: aa71ff27fc2769a1b78a27578f13a17b -> 
  custom:container-demuxer-webm: 4f35f7cbe854078d1ac9338744f61a02 -> 
  custom:container-demuxer-ogg: 62fdf1f143b41e24485cea50d1cbac27 -> 
  custom:video-encoder-webm-vp8: eb34c28f22e8b96e1ab97ce403110664 -> 
  custom:framework-osx-AVFoundation: e770b220cccbd017edd2c1fefb359320 -> 
  custom:video-decoder-webm-vp8: 9c59270c3fd7afecdb556c50c9e8de78 -> 
  custom:audio-decoder-ogg-vorbis: bf7c407c2cedff20999df2af8eb42d56 -> 
  custom:audio-encoder-webm-vorbis: bf7c407c2cedff20999df2af8eb42d56 -> 
========================================================================
Received Import Request.
  Time since last request: 19.035226 seconds.
  path: Assets/Scripts/EndPhase.cs
  artifactKey: Guid(93b18c37a6eaa420f8b048632a437c99) Importer(815301076,1909f56bfc062723c751e8b465ee728b)
Start importing Assets/Scripts/EndPhase.cs using Guid(93b18c37a6eaa420f8b048632a437c99) Importer(815301076,1909f56bfc062723c751e8b465ee728b)  -> (artifact id: '4bc695948f37727deb343bcc22f55e56') in 0.006503 seconds 
  Import took 0.008799 seconds .

========================================================================
Received Prepare
Registering precompiled user dll's ...
Registered in 0.004619 seconds.
Begin MonoManager ReloadAssembly
Native extension for OSXStandalone target not found
Native extension for WebGL target not found
Refreshing native plugins compatible for Editor in 0.29 ms, found 2 plugins.
Preloading 0 native plugins for Editor in 0.00 ms.
Mono: successfully reloaded assembly
- Completed reload, in  1.274 seconds
Platform modules already initialized, skipping
Refreshing native plugins compatible for Editor in 0.32 ms, found 2 plugins.
Preloading 0 native plugins for Editor in 0.00 ms.
Unloading 1535 Unused Serialized files (Serialized files now loaded: 0)
System memory in use before: 173.5 MB.
System memory in use after: 173.6 MB.

Unloading 15 unused Assets to reduce memory usage. Loaded Objects now: 2100.
Total: 2.054149 ms (FindLiveObjects: 0.180562 ms CreateObjectMapping: 0.060513 ms MarkObjects: 1.757554 ms  DeleteObjects: 0.054618 ms)

AssetImportParameters requested are different than current active one (requested -> active):
  custom:video-decoder-ogg-theora: a1e56fd34408186e4bbccfd4996cb3dc -> 
  custom:container-muxer-webm: aa71ff27fc2769a1b78a27578f13a17b -> 
  custom:container-demuxer-webm: 4f35f7cbe854078d1ac9338744f61a02 -> 
  custom:container-demuxer-ogg: 62fdf1f143b41e24485cea50d1cbac27 -> 
  custom:video-encoder-webm-vp8: eb34c28f22e8b96e1ab97ce403110664 -> 
  custom:framework-osx-AVFoundation: e770b220cccbd017edd2c1fefb359320 -> 
  custom:video-decoder-webm-vp8: 9c59270c3fd7afecdb556c50c9e8de78 -> 
  custom:audio-decoder-ogg-vorbis: bf7c407c2cedff20999df2af8eb42d56 -> 
  custom:audio-encoder-webm-vorbis: bf7c407c2cedff20999df2af8eb42d56 -> 
========================================================================
Received Prepare
Registering precompiled user dll's ...
Registered in 0.003744 seconds.
Begin MonoManager ReloadAssembly
Native extension for OSXStandalone target not found
Native extension for WebGL target not found
Refreshing native plugins compatible for Editor in 0.29 ms, found 2 plugins.
Preloading 0 native plugins for Editor in 0.00 ms.
Mono: successfully reloaded assembly
- Completed reload, in  1.120 seconds
Platform modules already initialized, skipping
Refreshing native plugins compatible for Editor in 0.30 ms, found 2 plugins.
Preloading 0 native plugins for Editor in 0.00 ms.
Unloading 1535 Unused Serialized files (Serialized files now loaded: 0)
System memory in use before: 173.8 MB.
System memory in use after: 173.9 MB.

Unloading 15 unused Assets to reduce memory usage. Loaded Objects now: 2103.
Total: 1.789213 ms (FindLiveObjects: 0.169087 ms CreateObjectMapping: 0.050690 ms MarkObjects: 1.522556 ms  DeleteObjects: 0.045980 ms)

AssetImportParameters requested are different than current active one (requested -> active):
  custom:video-decoder-ogg-theora: a1e56fd34408186e4bbccfd4996cb3dc -> 
  custom:container-muxer-webm: aa71ff27fc2769a1b78a27578f13a17b -> 
  custom:container-demuxer-webm: 4f35f7cbe854078d1ac9338744f61a02 -> 
  custom:container-demuxer-ogg: 62fdf1f143b41e24485cea50d1cbac27 -> 
  custom:video-encoder-webm-vp8: eb34c28f22e8b96e1ab97ce403110664 -> 
  custom:framework-osx-AVFoundation: e770b220cccbd017edd2c1fefb359320 -> 
  custom:video-decoder-webm-vp8: 9c59270c3fd7afecdb556c50c9e8de78 -> 
  custom:audio-decoder-ogg-vorbis: bf7c407c2cedff20999df2af8eb42d56 -> 
  custom:audio-encoder-webm-vorbis: bf7c407c2cedff20999df2af8eb42d56 -> 
========================================================================
Received Import Request.
  Time since last request: 138.110464 seconds.
  path: Assets/Scripts/EndPhase.cs
  artifactKey: Guid(93b18c37a6eaa420f8b048632a437c99) Importer(815301076,1909f56bfc062723c751e8b465ee728b)
Start importing Assets/Scripts/EndPhase.cs using Guid(93b18c37a6eaa420f8b048632a437c99) Importer(815301076,1909f56bfc062723c751e8b465ee728b)  -> (artifact id: '933c899d9ffaff0821e6c1c4b30cb402') in 0.006680 seconds 
  Import took 0.009677 seconds .

========================================================================
Received Import Request.
  Time since last request: 1.528169 seconds.
  path: Assets/Scripts/EndPhase.cs
  artifactKey: Guid(93b18c37a6eaa420f8b048632a437c99) Importer(815301076,1909f56bfc062723c751e8b465ee728b)
Start importing Assets/Scripts/EndPhase.cs using Guid(93b18c37a6eaa420f8b048632a437c99) Importer(815301076,1909f56bfc062723c751e8b465ee728b)  -> (artifact id: '933c899d9ffaff0821e6c1c4b30cb402') in 0.004620 seconds 
  Import took 0.006817 seconds .

========================================================================
Received Prepare
Registering precompiled user dll's ...
Registered in 0.003322 seconds.
Begin MonoManager ReloadAssembly
Native extension for OSXStandalone target not found
Native extension for WebGL target not found
Refreshing native plugins compatible for Editor in 0.29 ms, found 2 plugins.
Preloading 0 native plugins for Editor in 0.00 ms.
Mono: successfully reloaded assembly
- Completed reload, in  1.086 seconds
Platform modules already initialized, skipping
Refreshing native plugins compatible for Editor in 0.31 ms, found 2 plugins.
Preloading 0 native plugins for Editor in 0.00 ms.
Unloading 1535 Unused Serialized files (Serialized files now loaded: 0)
System memory in use before: 174.0 MB.
System memory in use after: 174.1 MB.

Unloading 15 unused Assets to reduce memory usage. Loaded Objects now: 2106.
Total: 1.601540 ms (FindLiveObjects: 0.136663 ms CreateObjectMapping: 0.039642 ms MarkObjects: 1.382730 ms  DeleteObjects: 0.041757 ms)

AssetImportParameters requested are different than current active one (requested -> active):
  custom:video-decoder-ogg-theora: a1e56fd34408186e4bbccfd4996cb3dc -> 
  custom:container-muxer-webm: aa71ff27fc2769a1b78a27578f13a17b -> 
  custom:container-demuxer-webm: 4f35f7cbe854078d1ac9338744f61a02 -> 
  custom:container-demuxer-ogg: 62fdf1f143b41e24485cea50d1cbac27 -> 
  custom:video-encoder-webm-vp8: eb34c28f22e8b96e1ab97ce403110664 -> 
  custom:framework-osx-AVFoundation: e770b220cccbd017edd2c1fefb359320 -> 
  custom:video-decoder-webm-vp8: 9c59270c3fd7afecdb556c50c9e8de78 -> 
  custom:audio-decoder-ogg-vorbis: bf7c407c2cedff20999df2af8eb42d56 -> 
  custom:audio-encoder-webm-vorbis: bf7c407c2cedff20999df2af8eb42d56 -> 
========================================================================
Received Import Request.
  Time since last request: 108.339340 seconds.
  path: Assets/Scripts/EndPhase.cs
  artifactKey: Guid(93b18c37a6eaa420f8b048632a437c99) Importer(815301076,1909f56bfc062723c751e8b465ee728b)
Start importing Assets/Scripts/EndPhase.cs using Guid(93b18c37a6eaa420f8b048632a437c99) Importer(815301076,1909f56bfc062723c751e8b465ee728b)  -> (artifact id: '8556859bd70bb1c8bc8b7eb79fbe46b2') in 0.007744 seconds 
  Import took 0.009913 seconds .

========================================================================
Received Prepare
Registering precompiled user dll's ...
Registered in 0.003333 seconds.
Begin MonoManager ReloadAssembly
Native extension for OSXStandalone target not found
Native extension for WebGL target not found
Refreshing native plugins compatible for Editor in 0.28 ms, found 2 plugins.
Preloading 0 native plugins for Editor in 0.00 ms.
Mono: successfully reloaded assembly
- Completed reload, in  1.090 seconds
Platform modules already initialized, skipping
Refreshing native plugins compatible for Editor in 0.29 ms, found 2 plugins.
Preloading 0 native plugins for Editor in 0.00 ms.
Unloading 1535 Unused Serialized files (Serialized files now loaded: 0)
System memory in use before: 174.2 MB.
System memory in use after: 174.3 MB.

Unloading 15 unused Assets to reduce memory usage. Loaded Objects now: 2109.
Total: 1.694093 ms (FindLiveObjects: 0.229988 ms CreateObjectMapping: 0.042990 ms MarkObjects: 1.379319 ms  DeleteObjects: 0.041083 ms)

AssetImportParameters requested are different than current active one (requested -> active):
  custom:video-decoder-ogg-theora: a1e56fd34408186e4bbccfd4996cb3dc -> 
  custom:container-muxer-webm: aa71ff27fc2769a1b78a27578f13a17b -> 
  custom:container-demuxer-webm: 4f35f7cbe854078d1ac9338744f61a02 -> 
  custom:container-demuxer-ogg: 62fdf1f143b41e24485cea50d1cbac27 -> 
  custom:video-encoder-webm-vp8: eb34c28f22e8b96e1ab97ce403110664 -> 
  custom:framework-osx-AVFoundation: e770b220cccbd017edd2c1fefb359320 -> 
  custom:video-decoder-webm-vp8: 9c59270c3fd7afecdb556c50c9e8de78 -> 
  custom:audio-decoder-ogg-vorbis: bf7c407c2cedff20999df2af8eb42d56 -> 
  custom:audio-encoder-webm-vorbis: bf7c407c2cedff20999df2af8eb42d56 -> 
========================================================================
Received Prepare
Registering precompiled user dll's ...
Registered in 0.003808 seconds.
Begin MonoManager ReloadAssembly
Native extension for OSXStandalone target not found
Native extension for WebGL target not found
Refreshing native plugins compatible for Editor in 0.28 ms, found 2 plugins.
Preloading 0 native plugins for Editor in 0.00 ms.
Mono: successfully reloaded assembly
- Completed reload, in  1.047 seconds
Platform modules already initialized, skipping
Refreshing native plugins compatible for Editor in 0.30 ms, found 2 plugins.
Preloading 0 native plugins for Editor in 0.00 ms.
Unloading 1535 Unused Serialized files (Serialized files now loaded: 0)
System memory in use before: 174.5 MB.
System memory in use after: 174.6 MB.

Unloading 15 unused Assets to reduce memory usage. Loaded Objects now: 2112.
Total: 1.829915 ms (FindLiveObjects: 0.146079 ms CreateObjectMapping: 0.040598 ms MarkObjects: 1.598306 ms  DeleteObjects: 0.044040 ms)

AssetImportParameters requested are different than current active one (requested -> active):
  custom:video-decoder-ogg-theora: a1e56fd34408186e4bbccfd4996cb3dc -> 
  custom:container-muxer-webm: aa71ff27fc2769a1b78a27578f13a17b -> 
  custom:container-demuxer-webm: 4f35f7cbe854078d1ac9338744f61a02 -> 
  custom:container-demuxer-ogg: 62fdf1f143b41e24485cea50d1cbac27 -> 
  custom:video-encoder-webm-vp8: eb34c28f22e8b96e1ab97ce403110664 -> 
  custom:framework-osx-AVFoundation: e770b220cccbd017edd2c1fefb359320 -> 
  custom:video-decoder-webm-vp8: 9c59270c3fd7afecdb556c50c9e8de78 -> 
  custom:audio-decoder-ogg-vorbis: bf7c407c2cedff20999df2af8eb42d56 -> 
  custom:audio-encoder-webm-vorbis: bf7c407c2cedff20999df2af8eb42d56 -> 
